// 重构日志: 6db862a7
// 重构日志: 49d6b43c
// 重构日志: 9cf35185
// 同步 ID: 72bd28ba @ Tue Jun 23 12:13:33 UTC 2026
// 重构日志: 75adae3b
// 重构日志: 3559a6cb
// 重构日志: 0c19ffca
// 重构日志: 71a0d3ca
// 重构日志: f8e9819f
// 同步 ID: 7f4addb2 @ Sat Jun 27 17:43:51 UTC 2026
// 重构日志: 82d0190e
// 重构日志: c4e5057e
// 重构日志: 25da43fc
// 同步 ID: 1f216f9d @ Tue Jun 30 11:17:47 UTC 2026
// 重构日志: faea7726
// 重构日志: b86e6422
// 重构日志: 87c2e51b
// 重构日志: 4f76056f
// 重构日志: 5892b33c
// 同步 ID: 10285f17 @ Thu Jul  9 10:35:32 UTC 2026
// 重构日志: a1fa5c86
// 重构日志: 8babc33f
// 重构日志: b38fed7a
// 同步 ID: 38a304a2 @ Sat Jul 11 21:26:09 UTC 2026
// 同步 ID: aaad11bc @ Sun Jul 12 12:14:32 UTC 2026
// 重构日志: 7796cb86
// 重构日志: 866b9974
// 重构日志: 815900f3
// 同步 ID: aeef3de6 @ Tue Jul 14 01:06:09 UTC 2026
// 同步 ID: 234aab1a @ Tue Jul 14 09:14:56 UTC 2026
// 重构日志: dc1a9cc3
